[2025-12-23 18:57:22,595] [INFO] [MainThread] App start
[2025-12-23 18:57:23,312] [INFO] [OPC-Thread] Connecting OPC DA...
[2025-12-23 18:57:23,312] [INFO] [PLC-Thread] PLC connected (mock)
[2025-12-23 18:57:23,815] [DEBUG] [MainThread] Mapping from plc
[2025-12-23 18:57:24,315] [DEBUG] [MainThread] Mapping from plc
[2025-12-23 18:57:25,317] [DEBUG] [MainThread] Mapping from plc
[2025-12-23 18:57:26,323] [DEBUG] [MainThread] Mapping from plc
[2025-12-23 18:57:27,324] [DEBUG] [MainThread] Mapping from plc
[2025-12-23 18:57:28,330] [DEBUG] [MainThread] Mapping from plc
[2025-12-23 18:57:29,344] [DEBUG] [MainThread] Mapping from plc
[2025-12-23 18:57:30,345] [DEBUG] [MainThread] Mapping from plc
[2025-12-23 18:57:31,351] [DEBUG] [MainThread] Mapping from plc
[2025-12-23 18:57:32,374] [DEBUG] [MainThread] Mapping from plc
[2025-12-23 18:57:33,393] [DEBUG] [MainThread] Mapping from plc
[2025-12-23 18:57:34,404] [DEBUG] [MainThread] Mapping from plc
[2025-12-23 18:57:35,406] [DEBUG] [MainThread] Mapping from plc
[2025-12-23 18:57:36,423] [DEBUG] [MainThread] Mapping from plc
[2025-12-23 18:57:37,424] [DEBUG] [MainThread] Mapping from plc
[2025-12-23 18:57:38,433] [DEBUG] [MainThread] Mapping from plc
[2025-12-23 18:57:39,434] [DEBUG] [MainThread] Mapping from plc
[2025-12-23 18:57:40,445] [DEBUG] [MainThread] Mapping from plc
[2025-12-23 18:57:41,464] [DEBUG] [MainThread] Mapping from plc
[2025-12-23 18:57:42,477] [DEBUG] [MainThread] Mapping from plc
[2025-12-23 18:57:43,478] [DEBUG] [MainThread] Mapping from plc
[2025-12-23 18:57:44,483] [DEBUG] [MainThread] Mapping from plc
[2025-12-23 18:57:45,496] [DEBUG] [MainThread] Mapping from plc
[2025-12-23 18:57:46,503] [DEBUG] [MainThread] Mapping from plc
[2025-12-23 18:57:47,513] [DEBUG] [MainThread] Mapping from plc
[2025-12-23 18:57:48,519] [DEBUG] [MainThread] Mapping from plc
[2025-12-23 18:57:49,543] [DEBUG] [MainThread] Mapping from plc
[2025-12-23 18:57:50,547] [DEBUG] [MainThread] Mapping from plc
[2025-12-23 18:57:51,549] [DEBUG] [MainThread] Mapping from plc
[2025-12-23 18:57:52,574] [DEBUG] [MainThread] Mapping from plc
[2025-12-23 18:57:53,585] [DEBUG] [MainThread] Mapping from plc
[2025-12-23 18:57:54,594] [DEBUG] [MainThread] Mapping from plc
[2025-12-23 18:57:55,604] [DEBUG] [MainThread] Mapping from plc
[2025-12-23 18:57:56,614] [DEBUG] [MainThread] Mapping from plc
[2025-12-23 18:57:57,619] [DEBUG] [MainThread] Mapping from plc
[2025-12-23 18:57:58,643] [DEBUG] [MainThread] Mapping from plc
[2025-12-23 18:57:59,654] [DEBUG] [MainThread] Mapping from plc
[2025-12-23 18:58:00,654] [DEBUG] [MainThread] Mapping from plc
[2025-12-23 18:58:01,210] [ERROR] [OPC-Thread] OPC error: metaclass conflict: the metaclass of a derived class must be a (non-strict) subclass of the metaclasses of all its bases
[2025-12-23 18:58:01,670] [DEBUG] [MainThread] Mapping from plc
[2025-12-23 18:58:02,683] [DEBUG] [MainThread] Mapping from plc
[2025-12-23 18:58:03,696] [DEBUG] [MainThread] Mapping from plc
[2025-12-23 18:58:04,704] [DEBUG] [MainThread] Mapping from plc
[2025-12-23 18:58:05,714] [DEBUG] [MainThread] Mapping from plc
[2025-12-23 18:58:06,211] [INFO] [OPC-Thread] Connecting OPC DA...
[2025-12-23 18:58:06,724] [DEBUG] [MainThread] Mapping from plc
[2025-12-23 18:58:07,744] [DEBUG] [MainThread] Mapping from plc
[2025-12-23 18:58:07,753] [ERROR] [OPC-Thread] OPC error: metaclass conflict: the metaclass of a derived class must be a (non-strict) subclass of the metaclasses of all its bases
[2025-12-23 18:58:08,754] [DEBUG] [MainThread] Mapping from plc
[2025-12-23 18:58:09,763] [DEBUG] [MainThread] Mapping from plc
[2025-12-23 18:58:10,783] [DEBUG] [MainThread] Mapping from plc
[2025-12-23 18:58:11,793] [DEBUG] [MainThread] Mapping from plc
[2025-12-23 18:58:12,754] [INFO] [OPC-Thread] Connecting OPC DA...
[2025-12-23 18:58:12,794] [DEBUG] [MainThread] Mapping from plc
[2025-12-23 18:58:13,642] [ERROR] [OPC-Thread] OPC error: metaclass conflict: the metaclass of a derived class must be a (non-strict) subclass of the metaclasses of all its bases
[2025-12-23 18:58:13,803] [DEBUG] [MainThread] Mapping from plc
[2025-12-23 18:58:14,809] [DEBUG] [MainThread] Mapping from plc
[2025-12-23 18:58:15,824] [DEBUG] [MainThread] Mapping from plc
[2025-12-23 18:58:16,838] [DEBUG] [MainThread] Mapping from plc
[2025-12-23 18:58:17,342] [DEBUG] [MainThread] Mapping from plc
[2025-12-23 18:58:18,343] [DEBUG] [MainThread] Mapping from plc
